<?xml version="1.0" encoding="UTF-8" ?>
<testsuites>
 <testsuite name="answer" timestamp="2016-04-06T21:59:13" hostname="localhost" time="0.003" errors="0" tests="1" skipped="0" failures="0">
  <testcase classname="answer" name="to life the universe and everything" time="0.002">
  </testcase>
 </testsuite>
</testsuites>